2021-11-16 12:24:37,828  INFO [main] HomePageTest:74 - taking screen shot of searched item
2021-11-16 12:24:39,415 DEBUG [AsyncHttpClient-1-5] PoolThreadCache:224 - Freed 12 thread-local buffer(s) from thread: AsyncHttpClient-1-5
2021-11-16 12:24:39,416 DEBUG [AsyncHttpClient-1-8] PoolThreadCache:224 - Freed 18 thread-local buffer(s) from thread: AsyncHttpClient-1-8
2021-11-16 12:24:39,416 DEBUG [AsyncHttpClient-1-13] PoolThreadCache:224 - Freed 19 thread-local buffer(s) from thread: AsyncHttpClient-1-13
2021-11-16 12:24:39,415 DEBUG [AsyncHttpClient-1-7] PoolThreadCache:224 - Freed 19 thread-local buffer(s) from thread: AsyncHttpClient-1-7
2021-11-16 12:24:39,415 DEBUG [AsyncHttpClient-1-3] PoolThreadCache:224 - Freed 23 thread-local buffer(s) from thread: AsyncHttpClient-1-3
2021-11-16 12:24:39,415 DEBUG [AsyncHttpClient-1-4] PoolThreadCache:224 - Freed 17 thread-local buffer(s) from thread: AsyncHttpClient-1-4
2021-11-16 12:24:39,415 DEBUG [AsyncHttpClient-1-6] PoolThreadCache:224 - Freed 25 thread-local buffer(s) from thread: AsyncHttpClient-1-6
2021-11-16 12:24:39,415 DEBUG [AsyncHttpClient-1-2] PoolThreadCache:224 - Freed 14 thread-local buffer(s) from thread: AsyncHttpClient-1-2
2021-11-16 12:24:39,417 DEBUG [AsyncHttpClient-1-17] PoolThreadCache:224 - Freed 11 thread-local buffer(s) from thread: AsyncHttpClient-1-17
2021-11-16 12:24:39,417 DEBUG [AsyncHttpClient-1-14] PoolThreadCache:224 - Freed 17 thread-local buffer(s) from thread: AsyncHttpClient-1-14
2021-11-16 12:24:39,417 DEBUG [AsyncHttpClient-1-16] PoolThreadCache:224 - Freed 21 thread-local buffer(s) from thread: AsyncHttpClient-1-16
2021-11-16 12:24:39,417 DEBUG [AsyncHttpClient-1-15] PoolThreadCache:224 - Freed 4 thread-local buffer(s) from thread: AsyncHttpClient-1-15
2021-11-16 12:24:39,416 DEBUG [AsyncHttpClient-1-12] PoolThreadCache:224 - Freed 4 thread-local buffer(s) from thread: AsyncHttpClient-1-12
2021-11-16 12:25:50,834 DEBUG [main] InternalLoggerFactory:89 - Using Log4J as the default logging framework
2021-11-16 12:25:50,842 DEBUG [main] ResourceLeakDetector:129 - -Dio.netty.leakDetection.level: simple
2021-11-16 12:25:50,843 DEBUG [main] ResourceLeakDetector:130 - -Dio.netty.leakDetection.targetRecords: 4
2021-11-16 12:25:50,847 DEBUG [main] ResourceLeakDetectorFactory:196 - Loaded default ResourceLeakDetector: io.netty.util.ResourceLeakDetector@3349e9bb
2021-11-16 12:25:50,874 DEBUG [main] PlatformDependent0:460 - -Dio.netty.noUnsafe: false
2021-11-16 12:25:50,874 DEBUG [main] PlatformDependent0:954 - Java version: 8
2021-11-16 12:25:50,875 DEBUG [main] PlatformDependent0:135 - sun.misc.Unsafe.theUnsafe: available
2021-11-16 12:25:50,876 DEBUG [main] PlatformDependent0:159 - sun.misc.Unsafe.copyMemory: available
2021-11-16 12:25:50,877 DEBUG [main] PlatformDependent0:202 - java.nio.Buffer.address: available
2021-11-16 12:25:50,878 DEBUG [main] PlatformDependent0:272 - direct buffer constructor: available
2021-11-16 12:25:50,879 DEBUG [main] PlatformDependent0:350 - java.nio.Bits.unaligned: available, true
2021-11-16 12:25:50,879 DEBUG [main] PlatformDependent0:424 - jdk.internal.misc.Unsafe.allocateUninitializedArray(int): unavailable prior to Java9
2021-11-16 12:25:50,879 DEBUG [main] PlatformDependent0:446 - java.nio.DirectByteBuffer.<init>(long, int): available
2021-11-16 12:25:50,879 DEBUG [main] PlatformDependent:1103 - sun.misc.Unsafe: available
2021-11-16 12:25:50,880 DEBUG [main] PlatformDependent:1224 - -Dio.netty.tmpdir: C:\Users\AJAY_B~1\AppData\Local\Temp (java.io.tmpdir)
2021-11-16 12:25:50,880 DEBUG [main] PlatformDependent:1303 - -Dio.netty.bitMode: 64 (sun.arch.data.model)
2021-11-16 12:25:50,882 DEBUG [main] PlatformDependent:1063 - Platform: Windows
2021-11-16 12:25:50,883 DEBUG [main] PlatformDependent:178 - -Dio.netty.maxDirectMemory: 7581728768 bytes
2021-11-16 12:25:50,883 DEBUG [main] PlatformDependent:185 - -Dio.netty.uninitializedArrayAllocationThreshold: -1
2021-11-16 12:25:50,884 DEBUG [main] CleanerJava6:92 - java.nio.ByteBuffer.cleaner(): available
2021-11-16 12:25:50,885 DEBUG [main] PlatformDependent:205 - -Dio.netty.noPreferDirect: false
2021-11-16 12:25:50,897 DEBUG [main] PlatformDependent:967 - org.jctools-core.MpscChunkedArrayQueue: available
2021-11-16 12:25:50,926 DEBUG [main] InternalThreadLocalMap:83 - -Dio.netty.threadLocalMap.stringBuilder.initialSize: 1024
2021-11-16 12:25:50,926 DEBUG [main] InternalThreadLocalMap:86 - -Dio.netty.threadLocalMap.stringBuilder.maxSize: 4096
2021-11-16 12:25:51,277 DEBUG [main] JdkSslContext:97 - Default protocols (JDK): [TLSv1.2, TLSv1.1, TLSv1] 
2021-11-16 12:25:51,277 DEBUG [main] JdkSslContext:98 - Default cipher suites (JDK): [TLS_ECDHE_ECDSA_WITH_AES_128_GCM_SHA256, TLS_ECDHE_RSA_WITH_AES_128_GCM_SHA256, TLS_ECDHE_RSA_WITH_AES_128_CBC_SHA, TLS_RSA_WITH_AES_128_GCM_SHA256, TLS_RSA_WITH_AES_128_CBC_SHA]
2021-11-16 12:25:51,313 DEBUG [main] MultithreadEventLoopGroup:44 - -Dio.netty.eventLoopThreads: 16
2021-11-16 12:25:51,324 DEBUG [main] NioEventLoop:106 - -Dio.netty.noKeySetOptimization: false
2021-11-16 12:25:51,325 DEBUG [main] NioEventLoop:107 - -Dio.netty.selectorAutoRebuildThreshold: 512
2021-11-16 12:25:51,401 DEBUG [main] PooledByteBufAllocator:155 - -Dio.netty.allocator.numHeapArenas: 16
2021-11-16 12:25:51,401 DEBUG [main] PooledByteBufAllocator:156 - -Dio.netty.allocator.numDirectArenas: 16
2021-11-16 12:25:51,402 DEBUG [main] PooledByteBufAllocator:158 - -Dio.netty.allocator.pageSize: 8192
2021-11-16 12:25:51,402 DEBUG [main] PooledByteBufAllocator:163 - -Dio.netty.allocator.maxOrder: 11
2021-11-16 12:25:51,402 DEBUG [main] PooledByteBufAllocator:167 - -Dio.netty.allocator.chunkSize: 16777216
2021-11-16 12:25:51,402 DEBUG [main] PooledByteBufAllocator:168 - -Dio.netty.allocator.smallCacheSize: 256
2021-11-16 12:25:51,402 DEBUG [main] PooledByteBufAllocator:169 - -Dio.netty.allocator.normalCacheSize: 64
2021-11-16 12:25:51,403 DEBUG [main] PooledByteBufAllocator:170 - -Dio.netty.allocator.maxCachedBufferCapacity: 32768
2021-11-16 12:25:51,403 DEBUG [main] PooledByteBufAllocator:171 - -Dio.netty.allocator.cacheTrimInterval: 8192
2021-11-16 12:25:51,403 DEBUG [main] PooledByteBufAllocator:172 - -Dio.netty.allocator.cacheTrimIntervalMillis: 0
2021-11-16 12:25:51,403 DEBUG [main] PooledByteBufAllocator:173 - -Dio.netty.allocator.useCacheForAllThreads: true
2021-11-16 12:25:51,403 DEBUG [main] PooledByteBufAllocator:174 - -Dio.netty.allocator.maxCachedByteBuffersPerChunk: 1023
2021-11-16 12:25:51,418 DEBUG [main] ByteBufUtil:87 - -Dio.netty.allocator.type: pooled
2021-11-16 12:25:51,418 DEBUG [main] ByteBufUtil:96 - -Dio.netty.threadLocalDirectBufferSize: 0
2021-11-16 12:25:51,418 DEBUG [main] ByteBufUtil:99 - -Dio.netty.maxThreadLocalCharBufferSize: 16384
2021-11-16 12:25:52,439 DEBUG [Forwarding newSession on session null to remote] DefaultChannelId:79 - -Dio.netty.processId: 27616 (auto-detected)
2021-11-16 12:25:52,442 DEBUG [Forwarding newSession on session null to remote] NetUtil:135 - -Djava.net.preferIPv4Stack: false
2021-11-16 12:25:52,442 DEBUG [Forwarding newSession on session null to remote] NetUtil:136 - -Djava.net.preferIPv6Addresses: false
2021-11-16 12:25:53,003 DEBUG [Forwarding newSession on session null to remote] NetUtilInitializations:129 - Loopback interface: lo (Software Loopback Interface 1, 127.0.0.1)
2021-11-16 12:25:53,005 DEBUG [Forwarding newSession on session null to remote] NetUtil:187 - Failed to get SOMAXCONN from sysctl and file \proc\sys\net\core\somaxconn. Default: 200
2021-11-16 12:25:53,542 DEBUG [Forwarding newSession on session null to remote] DefaultChannelId:101 - -Dio.netty.machineId: 94:e2:3c:ff:fe:4a:86:c5 (auto-detected)
2021-11-16 12:25:53,598 DEBUG [AsyncHttpClient-1-2] AbstractByteBuf:63 - -Dio.netty.buffer.checkAccessible: true
2021-11-16 12:25:53,598 DEBUG [AsyncHttpClient-1-2] AbstractByteBuf:64 - -Dio.netty.buffer.checkBounds: true
2021-11-16 12:25:53,598 DEBUG [AsyncHttpClient-1-2] ResourceLeakDetectorFactory:196 - Loaded default ResourceLeakDetector: io.netty.util.ResourceLeakDetector@57c3c877
2021-11-16 12:25:53,627 DEBUG [AsyncHttpClient-1-2] Recycler:103 - -Dio.netty.recycler.maxCapacityPerThread: 4096
2021-11-16 12:25:53,628 DEBUG [AsyncHttpClient-1-2] Recycler:104 - -Dio.netty.recycler.maxSharedCapacityFactor: 2
2021-11-16 12:25:53,628 DEBUG [AsyncHttpClient-1-2] Recycler:105 - -Dio.netty.recycler.linkCapacity: 16
2021-11-16 12:25:53,629 DEBUG [AsyncHttpClient-1-2] Recycler:106 - -Dio.netty.recycler.ratio: 8
2021-11-16 12:25:53,629 DEBUG [AsyncHttpClient-1-2] Recycler:107 - -Dio.netty.recycler.delayedQueue.ratio: 8
2021-11-16 12:25:55,563 DEBUG [AsyncHttpClient-1-2] Brotli:38 - brotli4j not in the classpath; Brotli support will be unavailable.
2021-11-16 12:25:55,857 DEBUG [main] ThreadLocalRandom:214 - -Dio.netty.initialSeedUniquifier: 0x864f9b79f82164df
2021-11-16 12:25:59,980  INFO [main] IndexPageTest:35 - test case-2
2021-11-16 12:26:05,512  INFO [main] IndexPageTest:43 - test case -3
2021-11-16 12:26:11,211  INFO [main] IndexPageTest:52 - test case -4
2021-11-16 12:26:16,892  INFO [main] IndexPageTest:59 - test case -5
2021-11-16 12:26:22,192  INFO [main] IndexPageTest:67 - test case -6
2021-11-16 12:26:27,851  INFO [main] IndexPageTest:74 - test case -7
2021-11-16 12:26:37,770  INFO [main] ForgotPasswordTest:41 - title validation 
2021-11-16 12:26:43,963  INFO [main] ForgotPasswordTest:49 - input box validation
2021-11-16 12:26:50,552  INFO [main] ForgotPasswordTest:56 - submit button validation
2021-11-16 12:26:57,334  INFO [main] ForgotPasswordTest:63 - com.opencart.pages.LoginPage@41b0ae4c
2021-11-16 12:27:17,206  INFO [main] HomePageTest:46 - search box validation
2021-11-16 12:27:25,939  INFO [main] HomePageTest:55 - addtocart validation
2021-11-16 12:27:36,388  INFO [main] HomePageTest:74 - taking screen shot of searched item
2021-11-16 12:27:39,397 DEBUG [AsyncHttpClient-1-3] PoolThreadCache:224 - Freed 23 thread-local buffer(s) from thread: AsyncHttpClient-1-3
2021-11-16 12:27:39,397 DEBUG [AsyncHttpClient-1-6] PoolThreadCache:224 - Freed 25 thread-local buffer(s) from thread: AsyncHttpClient-1-6
2021-11-16 12:27:39,397 DEBUG [AsyncHttpClient-1-10] PoolThreadCache:224 - Freed 19 thread-local buffer(s) from thread: AsyncHttpClient-1-10
2021-11-16 12:27:39,397 DEBUG [AsyncHttpClient-1-4] PoolThreadCache:224 - Freed 17 thread-local buffer(s) from thread: AsyncHttpClient-1-4
2021-11-16 12:27:39,397 DEBUG [AsyncHttpClient-1-2] PoolThreadCache:224 - Freed 14 thread-local buffer(s) from thread: AsyncHttpClient-1-2
2021-11-16 12:27:39,399 DEBUG [AsyncHttpClient-1-16] PoolThreadCache:224 - Freed 21 thread-local buffer(s) from thread: AsyncHttpClient-1-16
2021-11-16 12:27:39,397 DEBUG [AsyncHttpClient-1-11] PoolThreadCache:224 - Freed 12 thread-local buffer(s) from thread: AsyncHttpClient-1-11
2021-11-16 12:27:39,397 DEBUG [AsyncHttpClient-1-7] PoolThreadCache:224 - Freed 19 thread-local buffer(s) from thread: AsyncHttpClient-1-7
2021-11-16 12:27:39,397 DEBUG [AsyncHttpClient-1-8] PoolThreadCache:224 - Freed 18 thread-local buffer(s) from thread: AsyncHttpClient-1-8
2021-11-16 12:27:39,397 DEBUG [AsyncHttpClient-1-5] PoolThreadCache:224 - Freed 12 thread-local buffer(s) from thread: AsyncHttpClient-1-5
2021-11-16 12:27:39,399 DEBUG [AsyncHttpClient-1-13] PoolThreadCache:224 - Freed 19 thread-local buffer(s) from thread: AsyncHttpClient-1-13
2021-11-16 12:27:39,399 DEBUG [AsyncHttpClient-1-15] PoolThreadCache:224 - Freed 4 thread-local buffer(s) from thread: AsyncHttpClient-1-15
2021-11-16 12:27:39,398 DEBUG [AsyncHttpClient-1-17] PoolThreadCache:224 - Freed 11 thread-local buffer(s) from thread: AsyncHttpClient-1-17
2021-11-16 12:27:39,398 DEBUG [AsyncHttpClient-1-14] PoolThreadCache:224 - Freed 17 thread-local buffer(s) from thread: AsyncHttpClient-1-14
2021-11-16 12:27:39,398 DEBUG [AsyncHttpClient-1-12] PoolThreadCache:224 - Freed 4 thread-local buffer(s) from thread: AsyncHttpClient-1-12
2021-11-16 12:27:39,398 DEBUG [AsyncHttpClient-1-9] PoolThreadCache:224 - Freed 25 thread-local buffer(s) from thread: AsyncHttpClient-1-9
